<?xml version="1.0" encoding="UTF-8"?>
<testng-results ignored="0" total="3" passed="2" failed="1" skipped="0">
  <reporter-output>
  </reporter-output>
  <suite started-at="2024-07-28T23:30:48 IST" name="Default suite" finished-at="2024-07-28T23:30:48 IST" duration-ms="84">
    <groups>
    </groups>
    <test started-at="2024-07-28T23:30:48 IST" name="Default test" finished-at="2024-07-28T23:30:48 IST" duration-ms="84">
      <class name="JavaStreamFilter">
        <test-method signature="StreamCollect()[pri:0, instance:JavaStreamFilter@5be1d0a4]" started-at="2024-07-28T23:30:48 IST" name="StreamCollect" finished-at="2024-07-28T23:30:48 IST" duration-ms="11" status="PASS">
          <reporter-output>
          </reporter-output>
        </test-method> <!-- StreamCollect -->
        <test-method signature="StreamFilter()[pri:0, instance:JavaStreamFilter@5be1d0a4]" started-at="2024-07-28T23:30:48 IST" name="StreamFilter" finished-at="2024-07-28T23:30:48 IST" duration-ms="4" status="PASS">
          <reporter-output>
          </reporter-output>
        </test-method> <!-- StreamFilter -->
        <test-method signature="StreamMap()[pri:0, instance:JavaStreamFilter@5be1d0a4]" started-at="2024-07-28T23:30:48 IST" name="StreamMap" finished-at="2024-07-28T23:30:48 IST" duration-ms="10" status="FAIL">
          <exception class="java.lang.IllegalStateException">
            <message>
              <![CDATA[stream has already been operated upon or closed]]>
            </message>
            <full-stacktrace>
              <![CDATA[java.lang.IllegalStateException: stream has already been operated upon or closed
at java.base/java.util.stream.AbstractPipeline.evaluate(AbstractPipeline.java:229)
at java.base/java.util.stream.ReferencePipeline.anyMatch(ReferencePipeline.java:632)
at JavaStreamFilter.StreamMap(JavaStreamFilter.java:64)
at java.base/jdk.internal.reflect.DirectMethodHandleAccessor.invoke(DirectMethodHandleAccessor.java:103)
at java.base/java.lang.reflect.Method.invoke(Method.java:580)
at org.testng.internal.invokers.MethodInvocationHelper.invokeMethod(MethodInvocationHelper.java:141)
at org.testng.internal.invokers.TestInvoker.invokeMethod(TestInvoker.java:686)
at org.testng.internal.invokers.TestInvoker.invokeTestMethod(TestInvoker.java:230)
at org.testng.internal.invokers.MethodRunner.runInSequence(MethodRunner.java:63)
at org.testng.internal.invokers.TestInvoker$MethodInvocationAgent.invoke(TestInvoker.java:992)
at org.testng.internal.invokers.TestInvoker.invokeTestMethods(TestInvoker.java:203)
at org.testng.internal.invokers.TestMethodWorker.invokeTestMethods(TestMethodWorker.java:154)
at org.testng.internal.invokers.TestMethodWorker.run(TestMethodWorker.java:134)
at java.base/java.util.ArrayList.forEach(ArrayList.java:1596)
at org.testng.TestRunner.privateRun(TestRunner.java:739)
at org.testng.TestRunner.run(TestRunner.java:614)
at org.testng.SuiteRunner.runTest(SuiteRunner.java:421)
at org.testng.SuiteRunner.runSequentially(SuiteRunner.java:413)
at org.testng.SuiteRunner.privateRun(SuiteRunner.java:373)
at org.testng.SuiteRunner.run(SuiteRunner.java:312)
at org.testng.SuiteRunnerWorker.runSuite(SuiteRunnerWorker.java:52)
at org.testng.SuiteRunnerWorker.run(SuiteRunnerWorker.java:95)
at org.testng.TestNG.runSuitesSequentially(TestNG.java:1274)
at org.testng.TestNG.runSuitesLocally(TestNG.java:1208)
at org.testng.TestNG.runSuites(TestNG.java:1112)
at org.testng.TestNG.run(TestNG.java:1079)
at org.testng.remote.AbstractRemoteTestNG.run(AbstractRemoteTestNG.java:115)
at org.testng.remote.RemoteTestNG.initAndRun(RemoteTestNG.java:293)
at org.testng.remote.RemoteTestNG.main(RemoteTestNG.java:91)
]]>
            </full-stacktrace>
          </exception> <!-- java.lang.IllegalStateException -->
          <reporter-output>
          </reporter-output>
        </test-method> <!-- StreamMap -->
      </class> <!-- JavaStreamFilter -->
    </test> <!-- Default test -->
  </suite> <!-- Default suite -->
</testng-results>
