<?xml version="1.0" encoding="UTF-8"?>
<!-- Generated by org.testng.reporters.JUnitXMLReporter -->
<testsuite ignored="1" hostname="NIDHI" failures="0" tests="8" name="Personal Loan" time="0.102" errors="0" timestamp="2024-08-03T03:22:02 IST">
  <testcase classname="test.day1" name="demo" time="0.004"/>
  <testcase classname="test.day2" name="mobilesignincarloan" time="0.003"/>
  <testcase classname="test.day2" name="mobilesignincarloan" time="0.001"/>
  <testcase classname="test.day2" name="mobilesignincarloan" time="0.002"/>
  <testcase classname="test.day2" name="ploan" time="0.002"/>
  <testcase classname="test.day4" name="loginapicarloan" time="0.001"/>
  <testcase classname="test.day4" name="mobilelogincarloan" time="0.001"/>
  <testcase classname="test.day4" name="weblogincarloan" time="0.002"/>
  <testcase classname="test.day1" name="secondtest" time="0.0">
    <ignored/>
  </testcase> <!-- secondtest -->
</testsuite> <!-- Personal Loan -->
